<?xml version="1.0" encoding="UTF-8"?>
<robot generator="Robot 3.2.2 (Python 3.7.3 on win32)" generated="20210201 12:39:37.920" rpa="false">
<suite id="s1" name="TestCase" source="C:\Users\abhi\PycharmProjects\Automation\TestCase">
<suite id="s1-s1" name="Test 007" source="C:\Users\abhi\PycharmProjects\Automation\TestCase\Test_007.robot">
<test id="s1-s1-t1" name="Test Case For Tags">
<kw name="Open Browser" library="SeleniumLibrary">
<doc>Opens a new browser instance to the optional ``url``.</doc>
<arguments>
<arg>https://www.thetestingworld.com/testings/</arg>
<arg>Chrome</arg>
</arguments>
<msg timestamp="20210201 12:39:38.511" level="INFO">Opening browser 'Chrome' to base url 'https://www.thetestingworld.com/testings/'.</msg>
<status status="PASS" starttime="20210201 12:39:38.510" endtime="20210201 12:39:45.589"></status>
</kw>
<kw name="Maximize Browser Window" library="SeleniumLibrary">
<doc>Maximizes current browser window.</doc>
<status status="PASS" starttime="20210201 12:39:45.590" endtime="20210201 12:39:47.777"></status>
</kw>
<kw name="Close Browser" library="SeleniumLibrary">
<doc>Closes the current browser.</doc>
<status status="PASS" starttime="20210201 12:39:47.778" endtime="20210201 12:39:50.801"></status>
</kw>
<tags>
<tag>ALL</tag>
<tag>ALLINONE</tag>
</tags>
<status status="PASS" starttime="20210201 12:39:38.508" endtime="20210201 12:39:50.802" critical="yes"></status>
</test>
<status status="PASS" starttime="20210201 12:39:37.976" endtime="20210201 12:39:50.804"></status>
</suite>
<status status="PASS" starttime="20210201 12:39:37.925" endtime="20210201 12:39:50.809"></status>
</suite>
<statistics>
<total>
<stat pass="1" fail="0">Critical Tests</stat>
<stat pass="1" fail="0">All Tests</stat>
</total>
<tag>
<stat pass="1" fail="0">ALL</stat>
<stat pass="1" fail="0">ALLINONE</stat>
</tag>
<suite>
<stat pass="1" fail="0" id="s1" name="TestCase">TestCase</stat>
<stat pass="1" fail="0" id="s1-s1" name="Test 007">TestCase.Test 007</stat>
</suite>
</statistics>
<errors>
</errors>
</robot>
