<?xml version="1.0" encoding="UTF-8"?>
<robot generator="Robot 4.1 (Python 3.7.11 on linux)" generated="20210727 06:24:19.353" rpa="false" schemaversion="2">
<suite id="s1" name="Test004" source="/robot/robot/Test004.robot">
<test id="s1-t1" name="Test_case Validation_all">
<kw name="Evaluate" library="BuiltIn">
<var>${chrome_options}</var>
<arg>sys.modules['selenium.webdriver'].ChromeOptions()</arg>
<arg>sys, selenium.webdriver</arg>
<doc>Evaluates the given expression in Python and returns the result.</doc>
<msg timestamp="20210727 06:24:19.855" level="INFO">${chrome_options} = &lt;selenium.webdriver.chrome.options.Options object at 0x7f2281b13590&gt;</msg>
<status status="PASS" starttime="20210727 06:24:19.854" endtime="20210727 06:24:19.855"/>
</kw>
<kw name="Call Method" library="BuiltIn">
<arg>${chrome_options}</arg>
<arg>add_argument</arg>
<arg>--no-sandbox</arg>
<doc>Calls the named method of the given object with the provided arguments.</doc>
<status status="PASS" starttime="20210727 06:24:19.856" endtime="20210727 06:24:19.856"/>
</kw>
<kw name="Call Method" library="BuiltIn">
<arg>${chrome_options}</arg>
<arg>add_argument</arg>
<arg>--headless</arg>
<doc>Calls the named method of the given object with the provided arguments.</doc>
<status status="PASS" starttime="20210727 06:24:19.857" endtime="20210727 06:24:19.857"/>
</kw>
<kw name="Open Browser" library="SeleniumLibrary">
<arg>${URl}</arg>
<arg>chrome</arg>
<arg>options=${chrome_options}</arg>
<arg>executable_path=${CHROMEDRIVER_PATH}</arg>
<doc>Opens a new browser instance to the optional ``url``.</doc>
<msg timestamp="20210727 06:24:19.859" level="INFO">Opening browser 'chrome' to base url 'https://robotframework.org/'.</msg>
<status status="PASS" starttime="20210727 06:24:19.858" endtime="20210727 06:24:28.459"/>
</kw>
<kw name="Log To Console" library="BuiltIn">
<arg>done</arg>
<doc>Logs the given message to the console.</doc>
<status status="PASS" starttime="20210727 06:24:28.460" endtime="20210727 06:24:28.461"/>
</kw>
<kw name="Close All Browsers" library="SeleniumLibrary" type="TEARDOWN">
<doc>Closes all open browsers and resets the browser cache.</doc>
<status status="PASS" starttime="20210727 06:24:28.463" endtime="20210727 06:24:28.523"/>
</kw>
<status status="PASS" starttime="20210727 06:24:19.851" endtime="20210727 06:24:28.523"/>
</test>
<status status="PASS" starttime="20210727 06:24:19.362" endtime="20210727 06:24:28.526"/>
</suite>
<statistics>
<total>
<stat pass="1" fail="0" skip="0">All Tests</stat>
</total>
<tag>
</tag>
<suite>
<stat pass="1" fail="0" skip="0" id="s1" name="Test004">Test004</stat>
</suite>
</statistics>
<errors>
<msg timestamp="20210727 06:24:19.845" level="ERROR">Error in file '/robot/robot/Test004.robot' on line 7: Importing library 'Selenium2Library' failed: ModuleNotFoundError: No module named 'Selenium2Library'
Traceback (most recent call last):
  None
PYTHONPATH:
  /usr/local/bin
  /usr/local/lib/python37.zip
  /usr/local/lib/python3.7
  /usr/local/lib/python3.7/lib-dynload
  /usr/local/lib/python3.7/site-packages</msg>
</errors>
</robot>
