<?xml version="1.0" encoding="UTF-8"?>
<robot generator="Robot 3.2.2 (Python 3.7.3 on win32)" generated="20210202 13:29:52.844" rpa="false">
<suite id="s1" name="Tc 009" source="C:\Users\abhi\PycharmProjects\Automation\TestCase\Tc_009.robot">
<test id="s1-t1" name="Test Case For Reading From Excel">
<kw name="Open Browser" library="SeleniumLibrary">
<doc>Opens a new browser instance to the optional ``url``.</doc>
<arguments>
<arg>${url}</arg>
<arg>Chrome</arg>
</arguments>
<msg timestamp="20210202 13:29:54.350" level="INFO">Opening browser 'Chrome' to base url 'https://www.thetestingworld.com/index.php?option=com_users&amp;view=login&amp;Itemid=587'.</msg>
<status status="PASS" starttime="20210202 13:29:54.350" endtime="20210202 13:30:01.622"></status>
</kw>
<kw name="Maximize Browser Window" library="SeleniumLibrary">
<doc>Maximizes current browser window.</doc>
<status status="PASS" starttime="20210202 13:30:01.623" endtime="20210202 13:30:03.960"></status>
</kw>
<kw name="Set Variable" library="BuiltIn">
<doc>Returns the given values which can then be assigned to a variables.</doc>
<arguments>
<arg>Sheet1</arg>
</arguments>
<assign>
<var>${sheetname}</var>
</assign>
<msg timestamp="20210202 13:30:03.972" level="INFO">${sheetname} = Sheet1</msg>
<status status="PASS" starttime="20210202 13:30:03.971" endtime="20210202 13:30:03.972"></status>
</kw>
<kw name="Fetching Total Row" library="Resources1">
<arguments>
<arg>${sheetname}</arg>
</arguments>
<assign>
<var>${t_row}</var>
</assign>
<kw name="Total Rows" library="ReadData">
<arguments>
<arg>${sheetname}</arg>
</arguments>
<assign>
<var>${t_r}</var>
</assign>
<msg timestamp="20210202 13:30:04.041" level="INFO">${t_r} = 14</msg>
<status status="PASS" starttime="20210202 13:30:03.976" endtime="20210202 13:30:04.041"></status>
</kw>
<msg timestamp="20210202 13:30:04.042" level="INFO">${t_row} = 14</msg>
<status status="PASS" starttime="20210202 13:30:03.974" endtime="20210202 13:30:04.042"></status>
</kw>
<kw name="Set Variable" library="BuiltIn">
<doc>Returns the given values which can then be assigned to a variables.</doc>
<arguments>
<arg>1</arg>
</arguments>
<assign>
<var>${col}</var>
</assign>
<msg timestamp="20210202 13:30:04.046" level="INFO">${col} = 1</msg>
<status status="PASS" starttime="20210202 13:30:04.045" endtime="20210202 13:30:04.046"></status>
</kw>
<kw name="${row} IN RANGE [ 1 | ${t_row} ]" type="for">
<kw name="${row} = 1" type="foritem">
<kw name="start rading from excel" library="Resources1">
<arguments>
<arg>${sheetname}</arg>
<arg>${row}</arg>
<arg>${col}</arg>
</arguments>
<assign>
<var>${username}</var>
</assign>
<kw name="Fetch Data" library="ReadData">
<arguments>
<arg>${sheetname}</arg>
<arg>${row}</arg>
<arg>${col}</arg>
</arguments>
<assign>
<var>${cl}</var>
</assign>
<msg timestamp="20210202 13:30:04.098" level="INFO">['Sheet1', 'Sheet2', 'Sheet3']</msg>
<msg timestamp="20210202 13:30:04.098" level="INFO">${cl} = CLM</msg>
<status status="PASS" starttime="20210202 13:30:04.050" endtime="20210202 13:30:04.098"></status>
</kw>
<msg timestamp="20210202 13:30:04.099" level="INFO">${username} = CLM</msg>
<status status="PASS" starttime="20210202 13:30:04.048" endtime="20210202 13:30:04.099"></status>
</kw>
<kw name="start rading from excel" library="Resources1">
<arguments>
<arg>${sheetname}</arg>
<arg>${row}</arg>
<arg>2</arg>
</arguments>
<assign>
<var>${password}</var>
</assign>
<kw name="Fetch Data" library="ReadData">
<arguments>
<arg>${sheetname}</arg>
<arg>${row}</arg>
<arg>${col}</arg>
</arguments>
<assign>
<var>${cl}</var>
</assign>
<msg timestamp="20210202 13:30:04.151" level="INFO">['Sheet1', 'Sheet2', 'Sheet3']</msg>
<msg timestamp="20210202 13:30:04.151" level="INFO">${cl} = ACM</msg>
<status status="PASS" starttime="20210202 13:30:04.101" endtime="20210202 13:30:04.151"></status>
</kw>
<msg timestamp="20210202 13:30:04.155" level="INFO">${password} = ACM</msg>
<status status="PASS" starttime="20210202 13:30:04.099" endtime="20210202 13:30:04.156"></status>
</kw>
<kw name="Input Text" library="SeleniumLibrary">
<doc>Types the given ``text`` into the text field identified by ``locator``.</doc>
<arguments>
<arg>name:username</arg>
<arg>${username}</arg>
</arguments>
<msg timestamp="20210202 13:30:04.158" level="INFO">Typing text 'CLM' into text field 'name:username'.</msg>
<status status="PASS" starttime="20210202 13:30:04.157" endtime="20210202 13:30:04.402"></status>
</kw>
<kw name="Sleep" library="BuiltIn">
<doc>Pauses the test executed for the given time.</doc>
<arguments>
<arg>2 seconds</arg>
</arguments>
<msg timestamp="20210202 13:30:06.409" level="INFO">Slept 2 seconds</msg>
<status status="PASS" starttime="20210202 13:30:04.402" endtime="20210202 13:30:06.409"></status>
</kw>
<kw name="Input Text" library="SeleniumLibrary">
<doc>Types the given ``text`` into the text field identified by ``locator``.</doc>
<arguments>
<arg>name:password</arg>
<arg>${password}</arg>
</arguments>
<msg timestamp="20210202 13:30:06.410" level="INFO">Typing text 'ACM' into text field 'name:password'.</msg>
<status status="PASS" starttime="20210202 13:30:06.410" endtime="20210202 13:30:06.671"></status>
</kw>
<kw name="Sleep" library="BuiltIn">
<doc>Pauses the test executed for the given time.</doc>
<arguments>
<arg>2 seconds</arg>
</arguments>
<msg timestamp="20210202 13:30:08.680" level="INFO">Slept 2 seconds</msg>
<status status="PASS" starttime="20210202 13:30:06.671" endtime="20210202 13:30:08.680"></status>
</kw>
<kw name="Click Button" library="SeleniumLibrary">
<doc>Clicks the button identified by ``locator``.</doc>
<arguments>
<arg>//button[@type='submit']</arg>
</arguments>
<msg timestamp="20210202 13:30:08.682" level="INFO">Clicking button '//button[@type='submit']'.</msg>
<status status="PASS" starttime="20210202 13:30:08.681" endtime="20210202 13:30:10.819"></status>
</kw>
<status status="PASS" starttime="20210202 13:30:04.047" endtime="20210202 13:30:10.820"></status>
</kw>
<kw name="${row} = 2" type="foritem">
<kw name="start rading from excel" library="Resources1">
<arguments>
<arg>${sheetname}</arg>
<arg>${row}</arg>
<arg>${col}</arg>
</arguments>
<assign>
<var>${username}</var>
</assign>
<kw name="Fetch Data" library="ReadData">
<arguments>
<arg>${sheetname}</arg>
<arg>${row}</arg>
<arg>${col}</arg>
</arguments>
<assign>
<var>${cl}</var>
</assign>
<msg timestamp="20210202 13:30:10.859" level="INFO">['Sheet1', 'Sheet2', 'Sheet3']</msg>
<msg timestamp="20210202 13:30:10.860" level="INFO">${cl} = Avdesh Vishwakarma</msg>
<status status="PASS" starttime="20210202 13:30:10.825" endtime="20210202 13:30:10.860"></status>
</kw>
<msg timestamp="20210202 13:30:10.861" level="INFO">${username} = Avdesh Vishwakarma</msg>
<status status="PASS" starttime="20210202 13:30:10.820" endtime="20210202 13:30:10.861"></status>
</kw>
<kw name="start rading from excel" library="Resources1">
<arguments>
<arg>${sheetname}</arg>
<arg>${row}</arg>
<arg>2</arg>
</arguments>
<assign>
<var>${password}</var>
</assign>
<kw name="Fetch Data" library="ReadData">
<arguments>
<arg>${sheetname}</arg>
<arg>${row}</arg>
<arg>${col}</arg>
</arguments>
<assign>
<var>${cl}</var>
</assign>
<msg timestamp="20210202 13:30:10.904" level="INFO">['Sheet1', 'Sheet2', 'Sheet3']</msg>
<msg timestamp="20210202 13:30:10.904" level="INFO">${cl} = Dlip Barik</msg>
<status status="PASS" starttime="20210202 13:30:10.863" endtime="20210202 13:30:10.905"></status>
</kw>
<msg timestamp="20210202 13:30:10.905" level="INFO">${password} = Dlip Barik</msg>
<status status="PASS" starttime="20210202 13:30:10.861" endtime="20210202 13:30:10.905"></status>
</kw>
<kw name="Input Text" library="SeleniumLibrary">
<doc>Types the given ``text`` into the text field identified by ``locator``.</doc>
<arguments>
<arg>name:username</arg>
<arg>${username}</arg>
</arguments>
<msg timestamp="20210202 13:30:10.906" level="INFO">Typing text 'Avdesh Vishwakarma' into text field 'name:username'.</msg>
<status status="PASS" starttime="20210202 13:30:10.906" endtime="20210202 13:30:11.309"></status>
</kw>
<kw name="Sleep" library="BuiltIn">
<doc>Pauses the test executed for the given time.</doc>
<arguments>
<arg>2 seconds</arg>
</arguments>
<msg timestamp="20210202 13:30:13.325" level="INFO">Slept 2 seconds</msg>
<status status="PASS" starttime="20210202 13:30:11.310" endtime="20210202 13:30:13.326"></status>
</kw>
<kw name="Input Text" library="SeleniumLibrary">
<doc>Types the given ``text`` into the text field identified by ``locator``.</doc>
<arguments>
<arg>name:password</arg>
<arg>${password}</arg>
</arguments>
<msg timestamp="20210202 13:30:13.327" level="INFO">Typing text 'Dlip Barik' into text field 'name:password'.</msg>
<status status="PASS" starttime="20210202 13:30:13.326" endtime="20210202 13:30:13.607"></status>
</kw>
<kw name="Sleep" library="BuiltIn">
<doc>Pauses the test executed for the given time.</doc>
<arguments>
<arg>2 seconds</arg>
</arguments>
<msg timestamp="20210202 13:30:15.619" level="INFO">Slept 2 seconds</msg>
<status status="PASS" starttime="20210202 13:30:13.607" endtime="20210202 13:30:15.619"></status>
</kw>
<kw name="Click Button" library="SeleniumLibrary">
<doc>Clicks the button identified by ``locator``.</doc>
<arguments>
<arg>//button[@type='submit']</arg>
</arguments>
<msg timestamp="20210202 13:30:15.621" level="INFO">Clicking button '//button[@type='submit']'.</msg>
<status status="PASS" starttime="20210202 13:30:15.620" endtime="20210202 13:30:17.250"></status>
</kw>
<status status="PASS" starttime="20210202 13:30:10.820" endtime="20210202 13:30:17.250"></status>
</kw>
<kw name="${row} = 3" type="foritem">
<kw name="start rading from excel" library="Resources1">
<arguments>
<arg>${sheetname}</arg>
<arg>${row}</arg>
<arg>${col}</arg>
</arguments>
<assign>
<var>${username}</var>
</assign>
<kw name="Fetch Data" library="ReadData">
<arguments>
<arg>${sheetname}</arg>
<arg>${row}</arg>
<arg>${col}</arg>
</arguments>
<assign>
<var>${cl}</var>
</assign>
<msg timestamp="20210202 13:30:17.291" level="INFO">['Sheet1', 'Sheet2', 'Sheet3']</msg>
<msg timestamp="20210202 13:30:17.292" level="INFO">${cl} = Jakir shiyed</msg>
<status status="PASS" starttime="20210202 13:30:17.255" endtime="20210202 13:30:17.293"></status>
</kw>
<msg timestamp="20210202 13:30:17.294" level="INFO">${username} = Jakir shiyed</msg>
<status status="PASS" starttime="20210202 13:30:17.251" endtime="20210202 13:30:17.294"></status>
</kw>
<kw name="start rading from excel" library="Resources1">
<arguments>
<arg>${sheetname}</arg>
<arg>${row}</arg>
<arg>2</arg>
</arguments>
<assign>
<var>${password}</var>
</assign>
<kw name="Fetch Data" library="ReadData">
<arguments>
<arg>${sheetname}</arg>
<arg>${row}</arg>
<arg>${col}</arg>
</arguments>
<assign>
<var>${cl}</var>
</assign>
<msg timestamp="20210202 13:30:17.334" level="INFO">['Sheet1', 'Sheet2', 'Sheet3']</msg>
<msg timestamp="20210202 13:30:17.335" level="INFO">${cl} = Dlip Barik</msg>
<status status="PASS" starttime="20210202 13:30:17.296" endtime="20210202 13:30:17.335"></status>
</kw>
<msg timestamp="20210202 13:30:17.337" level="INFO">${password} = Dlip Barik</msg>
<status status="PASS" starttime="20210202 13:30:17.294" endtime="20210202 13:30:17.337"></status>
</kw>
<kw name="Input Text" library="SeleniumLibrary">
<doc>Types the given ``text`` into the text field identified by ``locator``.</doc>
<arguments>
<arg>name:username</arg>
<arg>${username}</arg>
</arguments>
<msg timestamp="20210202 13:30:17.338" level="INFO">Typing text 'Jakir shiyed' into text field 'name:username'.</msg>
<status status="PASS" starttime="20210202 13:30:17.337" endtime="20210202 13:30:17.605"></status>
</kw>
<kw name="Sleep" library="BuiltIn">
<doc>Pauses the test executed for the given time.</doc>
<arguments>
<arg>2 seconds</arg>
</arguments>
<msg timestamp="20210202 13:30:19.615" level="INFO">Slept 2 seconds</msg>
<status status="PASS" starttime="20210202 13:30:17.606" endtime="20210202 13:30:19.615"></status>
</kw>
<kw name="Input Text" library="SeleniumLibrary">
<doc>Types the given ``text`` into the text field identified by ``locator``.</doc>
<arguments>
<arg>name:password</arg>
<arg>${password}</arg>
</arguments>
<msg timestamp="20210202 13:30:19.616" level="INFO">Typing text 'Dlip Barik' into text field 'name:password'.</msg>
<status status="PASS" starttime="20210202 13:30:19.616" endtime="20210202 13:30:19.854"></status>
</kw>
<kw name="Sleep" library="BuiltIn">
<doc>Pauses the test executed for the given time.</doc>
<arguments>
<arg>2 seconds</arg>
</arguments>
<msg timestamp="20210202 13:30:21.862" level="INFO">Slept 2 seconds</msg>
<status status="PASS" starttime="20210202 13:30:19.854" endtime="20210202 13:30:21.862"></status>
</kw>
<kw name="Click Button" library="SeleniumLibrary">
<doc>Clicks the button identified by ``locator``.</doc>
<arguments>
<arg>//button[@type='submit']</arg>
</arguments>
<msg timestamp="20210202 13:30:21.863" level="INFO">Clicking button '//button[@type='submit']'.</msg>
<status status="PASS" starttime="20210202 13:30:21.863" endtime="20210202 13:30:23.269"></status>
</kw>
<status status="PASS" starttime="20210202 13:30:17.251" endtime="20210202 13:30:23.269"></status>
</kw>
<kw name="${row} = 4" type="foritem">
<kw name="start rading from excel" library="Resources1">
<arguments>
<arg>${sheetname}</arg>
<arg>${row}</arg>
<arg>${col}</arg>
</arguments>
<assign>
<var>${username}</var>
</assign>
<kw name="Fetch Data" library="ReadData">
<arguments>
<arg>${sheetname}</arg>
<arg>${row}</arg>
<arg>${col}</arg>
</arguments>
<assign>
<var>${cl}</var>
</assign>
<msg timestamp="20210202 13:30:23.312" level="INFO">['Sheet1', 'Sheet2', 'Sheet3']</msg>
<msg timestamp="20210202 13:30:23.312" level="INFO">${cl} = Vikas Gupta</msg>
<status status="PASS" starttime="20210202 13:30:23.276" endtime="20210202 13:30:23.312"></status>
</kw>
<msg timestamp="20210202 13:30:23.313" level="INFO">${username} = Vikas Gupta</msg>
<status status="PASS" starttime="20210202 13:30:23.272" endtime="20210202 13:30:23.313"></status>
</kw>
<kw name="start rading from excel" library="Resources1">
<arguments>
<arg>${sheetname}</arg>
<arg>${row}</arg>
<arg>2</arg>
</arguments>
<assign>
<var>${password}</var>
</assign>
<kw name="Fetch Data" library="ReadData">
<arguments>
<arg>${sheetname}</arg>
<arg>${row}</arg>
<arg>${col}</arg>
</arguments>
<assign>
<var>${cl}</var>
</assign>
<msg timestamp="20210202 13:30:23.341" level="INFO">['Sheet1', 'Sheet2', 'Sheet3']</msg>
<msg timestamp="20210202 13:30:23.341" level="INFO">${cl} = Dlip Barik</msg>
<status status="PASS" starttime="20210202 13:30:23.315" endtime="20210202 13:30:23.341"></status>
</kw>
<msg timestamp="20210202 13:30:23.342" level="INFO">${password} = Dlip Barik</msg>
<status status="PASS" starttime="20210202 13:30:23.313" endtime="20210202 13:30:23.342"></status>
</kw>
<kw name="Input Text" library="SeleniumLibrary">
<doc>Types the given ``text`` into the text field identified by ``locator``.</doc>
<arguments>
<arg>name:username</arg>
<arg>${username}</arg>
</arguments>
<msg timestamp="20210202 13:30:23.342" level="INFO">Typing text 'Vikas Gupta' into text field 'name:username'.</msg>
<status status="PASS" starttime="20210202 13:30:23.342" endtime="20210202 13:30:23.600"></status>
</kw>
<kw name="Sleep" library="BuiltIn">
<doc>Pauses the test executed for the given time.</doc>
<arguments>
<arg>2 seconds</arg>
</arguments>
<msg timestamp="20210202 13:30:25.608" level="INFO">Slept 2 seconds</msg>
<status status="PASS" starttime="20210202 13:30:23.601" endtime="20210202 13:30:25.609"></status>
</kw>
<kw name="Input Text" library="SeleniumLibrary">
<doc>Types the given ``text`` into the text field identified by ``locator``.</doc>
<arguments>
<arg>name:password</arg>
<arg>${password}</arg>
</arguments>
<msg timestamp="20210202 13:30:25.610" level="INFO">Typing text 'Dlip Barik' into text field 'name:password'.</msg>
<status status="PASS" starttime="20210202 13:30:25.609" endtime="20210202 13:30:25.866"></status>
</kw>
<kw name="Sleep" library="BuiltIn">
<doc>Pauses the test executed for the given time.</doc>
<arguments>
<arg>2 seconds</arg>
</arguments>
<msg timestamp="20210202 13:30:27.876" level="INFO">Slept 2 seconds</msg>
<status status="PASS" starttime="20210202 13:30:25.867" endtime="20210202 13:30:27.876"></status>
</kw>
<kw name="Click Button" library="SeleniumLibrary">
<doc>Clicks the button identified by ``locator``.</doc>
<arguments>
<arg>//button[@type='submit']</arg>
</arguments>
<msg timestamp="20210202 13:30:27.877" level="INFO">Clicking button '//button[@type='submit']'.</msg>
<status status="PASS" starttime="20210202 13:30:27.876" endtime="20210202 13:30:29.279"></status>
</kw>
<status status="PASS" starttime="20210202 13:30:23.270" endtime="20210202 13:30:29.279"></status>
</kw>
<kw name="${row} = 5" type="foritem">
<kw name="start rading from excel" library="Resources1">
<arguments>
<arg>${sheetname}</arg>
<arg>${row}</arg>
<arg>${col}</arg>
</arguments>
<assign>
<var>${username}</var>
</assign>
<kw name="Fetch Data" library="ReadData">
<arguments>
<arg>${sheetname}</arg>
<arg>${row}</arg>
<arg>${col}</arg>
</arguments>
<assign>
<var>${cl}</var>
</assign>
<msg timestamp="20210202 13:30:29.322" level="INFO">['Sheet1', 'Sheet2', 'Sheet3']</msg>
<msg timestamp="20210202 13:30:29.322" level="INFO">${cl} = Ashwin Tiwari</msg>
<status status="PASS" starttime="20210202 13:30:29.283" endtime="20210202 13:30:29.323"></status>
</kw>
<msg timestamp="20210202 13:30:29.324" level="INFO">${username} = Ashwin Tiwari</msg>
<status status="PASS" starttime="20210202 13:30:29.280" endtime="20210202 13:30:29.324"></status>
</kw>
<kw name="start rading from excel" library="Resources1">
<arguments>
<arg>${sheetname}</arg>
<arg>${row}</arg>
<arg>2</arg>
</arguments>
<assign>
<var>${password}</var>
</assign>
<kw name="Fetch Data" library="ReadData">
<arguments>
<arg>${sheetname}</arg>
<arg>${row}</arg>
<arg>${col}</arg>
</arguments>
<assign>
<var>${cl}</var>
</assign>
<msg timestamp="20210202 13:30:29.343" level="INFO">['Sheet1', 'Sheet2', 'Sheet3']</msg>
<msg timestamp="20210202 13:30:29.343" level="INFO">${cl} = Dlip Barik</msg>
<status status="PASS" starttime="20210202 13:30:29.326" endtime="20210202 13:30:29.343"></status>
</kw>
<msg timestamp="20210202 13:30:29.344" level="INFO">${password} = Dlip Barik</msg>
<status status="PASS" starttime="20210202 13:30:29.325" endtime="20210202 13:30:29.344"></status>
</kw>
<kw name="Input Text" library="SeleniumLibrary">
<doc>Types the given ``text`` into the text field identified by ``locator``.</doc>
<arguments>
<arg>name:username</arg>
<arg>${username}</arg>
</arguments>
<msg timestamp="20210202 13:30:29.345" level="INFO">Typing text 'Ashwin Tiwari' into text field 'name:username'.</msg>
<status status="PASS" starttime="20210202 13:30:29.344" endtime="20210202 13:30:29.611"></status>
</kw>
<kw name="Sleep" library="BuiltIn">
<doc>Pauses the test executed for the given time.</doc>
<arguments>
<arg>2 seconds</arg>
</arguments>
<msg timestamp="20210202 13:30:31.616" level="INFO">Slept 2 seconds</msg>
<status status="PASS" starttime="20210202 13:30:29.612" endtime="20210202 13:30:31.617"></status>
</kw>
<kw name="Input Text" library="SeleniumLibrary">
<doc>Types the given ``text`` into the text field identified by ``locator``.</doc>
<arguments>
<arg>name:password</arg>
<arg>${password}</arg>
</arguments>
<msg timestamp="20210202 13:30:31.617" level="INFO">Typing text 'Dlip Barik' into text field 'name:password'.</msg>
<status status="PASS" starttime="20210202 13:30:31.617" endtime="20210202 13:30:31.845"></status>
</kw>
<kw name="Sleep" library="BuiltIn">
<doc>Pauses the test executed for the given time.</doc>
<arguments>
<arg>2 seconds</arg>
</arguments>
<msg timestamp="20210202 13:30:33.859" level="INFO">Slept 2 seconds</msg>
<status status="PASS" starttime="20210202 13:30:31.846" endtime="20210202 13:30:33.859"></status>
</kw>
<kw name="Click Button" library="SeleniumLibrary">
<doc>Clicks the button identified by ``locator``.</doc>
<arguments>
<arg>//button[@type='submit']</arg>
</arguments>
<msg timestamp="20210202 13:30:33.860" level="INFO">Clicking button '//button[@type='submit']'.</msg>
<status status="PASS" starttime="20210202 13:30:33.860" endtime="20210202 13:30:35.286"></status>
</kw>
<status status="PASS" starttime="20210202 13:30:29.279" endtime="20210202 13:30:35.286"></status>
</kw>
<kw name="${row} = 6" type="foritem">
<kw name="start rading from excel" library="Resources1">
<arguments>
<arg>${sheetname}</arg>
<arg>${row}</arg>
<arg>${col}</arg>
</arguments>
<assign>
<var>${username}</var>
</assign>
<kw name="Fetch Data" library="ReadData">
<arguments>
<arg>${sheetname}</arg>
<arg>${row}</arg>
<arg>${col}</arg>
</arguments>
<assign>
<var>${cl}</var>
</assign>
<msg timestamp="20210202 13:30:35.330" level="INFO">['Sheet1', 'Sheet2', 'Sheet3']</msg>
<msg timestamp="20210202 13:30:35.330" level="INFO">${cl} = Shivam Manjhi</msg>
<status status="PASS" starttime="20210202 13:30:35.290" endtime="20210202 13:30:35.330"></status>
</kw>
<msg timestamp="20210202 13:30:35.331" level="INFO">${username} = Shivam Manjhi</msg>
<status status="PASS" starttime="20210202 13:30:35.287" endtime="20210202 13:30:35.331"></status>
</kw>
<kw name="start rading from excel" library="Resources1">
<arguments>
<arg>${sheetname}</arg>
<arg>${row}</arg>
<arg>2</arg>
</arguments>
<assign>
<var>${password}</var>
</assign>
<kw name="Fetch Data" library="ReadData">
<arguments>
<arg>${sheetname}</arg>
<arg>${row}</arg>
<arg>${col}</arg>
</arguments>
<assign>
<var>${cl}</var>
</assign>
<msg timestamp="20210202 13:30:35.354" level="INFO">['Sheet1', 'Sheet2', 'Sheet3']</msg>
<msg timestamp="20210202 13:30:35.355" level="INFO">${cl} = Vikas Gurjar</msg>
<status status="PASS" starttime="20210202 13:30:35.333" endtime="20210202 13:30:35.355"></status>
</kw>
<msg timestamp="20210202 13:30:35.355" level="INFO">${password} = Vikas Gurjar</msg>
<status status="PASS" starttime="20210202 13:30:35.331" endtime="20210202 13:30:35.355"></status>
</kw>
<kw name="Input Text" library="SeleniumLibrary">
<doc>Types the given ``text`` into the text field identified by ``locator``.</doc>
<arguments>
<arg>name:username</arg>
<arg>${username}</arg>
</arguments>
<msg timestamp="20210202 13:30:35.356" level="INFO">Typing text 'Shivam Manjhi' into text field 'name:username'.</msg>
<status status="PASS" starttime="20210202 13:30:35.356" endtime="20210202 13:30:35.702"></status>
</kw>
<kw name="Sleep" library="BuiltIn">
<doc>Pauses the test executed for the given time.</doc>
<arguments>
<arg>2 seconds</arg>
</arguments>
<msg timestamp="20210202 13:30:37.708" level="INFO">Slept 2 seconds</msg>
<status status="PASS" starttime="20210202 13:30:35.703" endtime="20210202 13:30:37.708"></status>
</kw>
<kw name="Input Text" library="SeleniumLibrary">
<doc>Types the given ``text`` into the text field identified by ``locator``.</doc>
<arguments>
<arg>name:password</arg>
<arg>${password}</arg>
</arguments>
<msg timestamp="20210202 13:30:37.709" level="INFO">Typing text 'Vikas Gurjar' into text field 'name:password'.</msg>
<status status="PASS" starttime="20210202 13:30:37.709" endtime="20210202 13:30:38.187"></status>
</kw>
<kw name="Sleep" library="BuiltIn">
<doc>Pauses the test executed for the given time.</doc>
<arguments>
<arg>2 seconds</arg>
</arguments>
<msg timestamp="20210202 13:30:40.199" level="INFO">Slept 2 seconds</msg>
<status status="PASS" starttime="20210202 13:30:38.187" endtime="20210202 13:30:40.199"></status>
</kw>
<kw name="Click Button" library="SeleniumLibrary">
<doc>Clicks the button identified by ``locator``.</doc>
<arguments>
<arg>//button[@type='submit']</arg>
</arguments>
<msg timestamp="20210202 13:30:40.200" level="INFO">Clicking button '//button[@type='submit']'.</msg>
<status status="PASS" starttime="20210202 13:30:40.200" endtime="20210202 13:30:41.640"></status>
</kw>
<status status="PASS" starttime="20210202 13:30:35.286" endtime="20210202 13:30:41.640"></status>
</kw>
<kw name="${row} = 7" type="foritem">
<kw name="start rading from excel" library="Resources1">
<arguments>
<arg>${sheetname}</arg>
<arg>${row}</arg>
<arg>${col}</arg>
</arguments>
<assign>
<var>${username}</var>
</assign>
<kw name="Fetch Data" library="ReadData">
<arguments>
<arg>${sheetname}</arg>
<arg>${row}</arg>
<arg>${col}</arg>
</arguments>
<assign>
<var>${cl}</var>
</assign>
<msg timestamp="20210202 13:30:41.685" level="INFO">['Sheet1', 'Sheet2', 'Sheet3']</msg>
<msg timestamp="20210202 13:30:41.686" level="INFO">${cl} = Ramvishal Mishra</msg>
<status status="PASS" starttime="20210202 13:30:41.643" endtime="20210202 13:30:41.687"></status>
</kw>
<msg timestamp="20210202 13:30:41.689" level="INFO">${username} = Ramvishal Mishra</msg>
<status status="PASS" starttime="20210202 13:30:41.641" endtime="20210202 13:30:41.689"></status>
</kw>
<kw name="start rading from excel" library="Resources1">
<arguments>
<arg>${sheetname}</arg>
<arg>${row}</arg>
<arg>2</arg>
</arguments>
<assign>
<var>${password}</var>
</assign>
<kw name="Fetch Data" library="ReadData">
<arguments>
<arg>${sheetname}</arg>
<arg>${row}</arg>
<arg>${col}</arg>
</arguments>
<assign>
<var>${cl}</var>
</assign>
<msg timestamp="20210202 13:30:41.712" level="INFO">['Sheet1', 'Sheet2', 'Sheet3']</msg>
<msg timestamp="20210202 13:30:41.713" level="INFO">${cl} = Vikas Gurjar</msg>
<status status="PASS" starttime="20210202 13:30:41.694" endtime="20210202 13:30:41.713"></status>
</kw>
<msg timestamp="20210202 13:30:41.713" level="INFO">${password} = Vikas Gurjar</msg>
<status status="PASS" starttime="20210202 13:30:41.691" endtime="20210202 13:30:41.713"></status>
</kw>
<kw name="Input Text" library="SeleniumLibrary">
<doc>Types the given ``text`` into the text field identified by ``locator``.</doc>
<arguments>
<arg>name:username</arg>
<arg>${username}</arg>
</arguments>
<msg timestamp="20210202 13:30:41.714" level="INFO">Typing text 'Ramvishal Mishra' into text field 'name:username'.</msg>
<status status="PASS" starttime="20210202 13:30:41.714" endtime="20210202 13:30:41.980"></status>
</kw>
<kw name="Sleep" library="BuiltIn">
<doc>Pauses the test executed for the given time.</doc>
<arguments>
<arg>2 seconds</arg>
</arguments>
<msg timestamp="20210202 13:30:43.987" level="INFO">Slept 2 seconds</msg>
<status status="PASS" starttime="20210202 13:30:41.980" endtime="20210202 13:30:43.987"></status>
</kw>
<kw name="Input Text" library="SeleniumLibrary">
<doc>Types the given ``text`` into the text field identified by ``locator``.</doc>
<arguments>
<arg>name:password</arg>
<arg>${password}</arg>
</arguments>
<msg timestamp="20210202 13:30:43.989" level="INFO">Typing text 'Vikas Gurjar' into text field 'name:password'.</msg>
<status status="PASS" starttime="20210202 13:30:43.988" endtime="20210202 13:30:44.308"></status>
</kw>
<kw name="Sleep" library="BuiltIn">
<doc>Pauses the test executed for the given time.</doc>
<arguments>
<arg>2 seconds</arg>
</arguments>
<msg timestamp="20210202 13:30:46.309" level="INFO">Slept 2 seconds</msg>
<status status="PASS" starttime="20210202 13:30:44.308" endtime="20210202 13:30:46.309"></status>
</kw>
<kw name="Click Button" library="SeleniumLibrary">
<doc>Clicks the button identified by ``locator``.</doc>
<arguments>
<arg>//button[@type='submit']</arg>
</arguments>
<msg timestamp="20210202 13:30:46.310" level="INFO">Clicking button '//button[@type='submit']'.</msg>
<status status="PASS" starttime="20210202 13:30:46.310" endtime="20210202 13:30:47.924"></status>
</kw>
<status status="PASS" starttime="20210202 13:30:41.641" endtime="20210202 13:30:47.924"></status>
</kw>
<kw name="${row} = 8" type="foritem">
<kw name="start rading from excel" library="Resources1">
<arguments>
<arg>${sheetname}</arg>
<arg>${row}</arg>
<arg>${col}</arg>
</arguments>
<assign>
<var>${username}</var>
</assign>
<kw name="Fetch Data" library="ReadData">
<arguments>
<arg>${sheetname}</arg>
<arg>${row}</arg>
<arg>${col}</arg>
</arguments>
<assign>
<var>${cl}</var>
</assign>
<msg timestamp="20210202 13:30:47.965" level="INFO">['Sheet1', 'Sheet2', 'Sheet3']</msg>
<msg timestamp="20210202 13:30:47.965" level="INFO">${cl} = Rupesh Nag</msg>
<status status="PASS" starttime="20210202 13:30:47.927" endtime="20210202 13:30:47.965"></status>
</kw>
<msg timestamp="20210202 13:30:47.967" level="INFO">${username} = Rupesh Nag</msg>
<status status="PASS" starttime="20210202 13:30:47.925" endtime="20210202 13:30:47.967"></status>
</kw>
<kw name="start rading from excel" library="Resources1">
<arguments>
<arg>${sheetname}</arg>
<arg>${row}</arg>
<arg>2</arg>
</arguments>
<assign>
<var>${password}</var>
</assign>
<kw name="Fetch Data" library="ReadData">
<arguments>
<arg>${sheetname}</arg>
<arg>${row}</arg>
<arg>${col}</arg>
</arguments>
<assign>
<var>${cl}</var>
</assign>
<msg timestamp="20210202 13:30:48.005" level="INFO">['Sheet1', 'Sheet2', 'Sheet3']</msg>
<msg timestamp="20210202 13:30:48.005" level="INFO">${cl} = Vikas Gurjar</msg>
<status status="PASS" starttime="20210202 13:30:47.971" endtime="20210202 13:30:48.005"></status>
</kw>
<msg timestamp="20210202 13:30:48.006" level="INFO">${password} = Vikas Gurjar</msg>
<status status="PASS" starttime="20210202 13:30:47.967" endtime="20210202 13:30:48.007"></status>
</kw>
<kw name="Input Text" library="SeleniumLibrary">
<doc>Types the given ``text`` into the text field identified by ``locator``.</doc>
<arguments>
<arg>name:username</arg>
<arg>${username}</arg>
</arguments>
<msg timestamp="20210202 13:30:48.007" level="INFO">Typing text 'Rupesh Nag' into text field 'name:username'.</msg>
<status status="PASS" starttime="20210202 13:30:48.007" endtime="20210202 13:30:48.246"></status>
</kw>
<kw name="Sleep" library="BuiltIn">
<doc>Pauses the test executed for the given time.</doc>
<arguments>
<arg>2 seconds</arg>
</arguments>
<msg timestamp="20210202 13:30:50.258" level="INFO">Slept 2 seconds</msg>
<status status="PASS" starttime="20210202 13:30:48.247" endtime="20210202 13:30:50.258"></status>
</kw>
<kw name="Input Text" library="SeleniumLibrary">
<doc>Types the given ``text`` into the text field identified by ``locator``.</doc>
<arguments>
<arg>name:password</arg>
<arg>${password}</arg>
</arguments>
<msg timestamp="20210202 13:30:50.259" level="INFO">Typing text 'Vikas Gurjar' into text field 'name:password'.</msg>
<status status="PASS" starttime="20210202 13:30:50.258" endtime="20210202 13:30:50.503"></status>
</kw>
<kw name="Sleep" library="BuiltIn">
<doc>Pauses the test executed for the given time.</doc>
<arguments>
<arg>2 seconds</arg>
</arguments>
<msg timestamp="20210202 13:30:52.517" level="INFO">Slept 2 seconds</msg>
<status status="PASS" starttime="20210202 13:30:50.504" endtime="20210202 13:30:52.517"></status>
</kw>
<kw name="Click Button" library="SeleniumLibrary">
<doc>Clicks the button identified by ``locator``.</doc>
<arguments>
<arg>//button[@type='submit']</arg>
</arguments>
<msg timestamp="20210202 13:30:52.518" level="INFO">Clicking button '//button[@type='submit']'.</msg>
<status status="PASS" starttime="20210202 13:30:52.518" endtime="20210202 13:30:53.861"></status>
</kw>
<status status="PASS" starttime="20210202 13:30:47.924" endtime="20210202 13:30:53.862"></status>
</kw>
<kw name="${row} = 9" type="foritem">
<kw name="start rading from excel" library="Resources1">
<arguments>
<arg>${sheetname}</arg>
<arg>${row}</arg>
<arg>${col}</arg>
</arguments>
<assign>
<var>${username}</var>
</assign>
<kw name="Fetch Data" library="ReadData">
<arguments>
<arg>${sheetname}</arg>
<arg>${row}</arg>
<arg>${col}</arg>
</arguments>
<assign>
<var>${cl}</var>
</assign>
<msg timestamp="20210202 13:30:53.908" level="INFO">['Sheet1', 'Sheet2', 'Sheet3']</msg>
<msg timestamp="20210202 13:30:53.909" level="INFO">${cl} = Amit Dubey</msg>
<status status="PASS" starttime="20210202 13:30:53.864" endtime="20210202 13:30:53.909"></status>
</kw>
<msg timestamp="20210202 13:30:53.910" level="INFO">${username} = Amit Dubey</msg>
<status status="PASS" starttime="20210202 13:30:53.862" endtime="20210202 13:30:53.910"></status>
</kw>
<kw name="start rading from excel" library="Resources1">
<arguments>
<arg>${sheetname}</arg>
<arg>${row}</arg>
<arg>2</arg>
</arguments>
<assign>
<var>${password}</var>
</assign>
<kw name="Fetch Data" library="ReadData">
<arguments>
<arg>${sheetname}</arg>
<arg>${row}</arg>
<arg>${col}</arg>
</arguments>
<assign>
<var>${cl}</var>
</assign>
<msg timestamp="20210202 13:30:53.964" level="INFO">['Sheet1', 'Sheet2', 'Sheet3']</msg>
<msg timestamp="20210202 13:30:53.970" level="INFO">${cl} = Vikas Gurjar</msg>
<status status="PASS" starttime="20210202 13:30:53.912" endtime="20210202 13:30:53.975"></status>
</kw>
<msg timestamp="20210202 13:30:53.977" level="INFO">${password} = Vikas Gurjar</msg>
<status status="PASS" starttime="20210202 13:30:53.911" endtime="20210202 13:30:53.978"></status>
</kw>
<kw name="Input Text" library="SeleniumLibrary">
<doc>Types the given ``text`` into the text field identified by ``locator``.</doc>
<arguments>
<arg>name:username</arg>
<arg>${username}</arg>
</arguments>
<msg timestamp="20210202 13:30:53.981" level="INFO">Typing text 'Amit Dubey' into text field 'name:username'.</msg>
<status status="PASS" starttime="20210202 13:30:53.978" endtime="20210202 13:30:54.236"></status>
</kw>
<kw name="Sleep" library="BuiltIn">
<doc>Pauses the test executed for the given time.</doc>
<arguments>
<arg>2 seconds</arg>
</arguments>
<msg timestamp="20210202 13:30:56.246" level="INFO">Slept 2 seconds</msg>
<status status="PASS" starttime="20210202 13:30:54.237" endtime="20210202 13:30:56.247"></status>
</kw>
<kw name="Input Text" library="SeleniumLibrary">
<doc>Types the given ``text`` into the text field identified by ``locator``.</doc>
<arguments>
<arg>name:password</arg>
<arg>${password}</arg>
</arguments>
<msg timestamp="20210202 13:30:56.248" level="INFO">Typing text 'Vikas Gurjar' into text field 'name:password'.</msg>
<status status="PASS" starttime="20210202 13:30:56.247" endtime="20210202 13:30:56.486"></status>
</kw>
<kw name="Sleep" library="BuiltIn">
<doc>Pauses the test executed for the given time.</doc>
<arguments>
<arg>2 seconds</arg>
</arguments>
<msg timestamp="20210202 13:30:58.491" level="INFO">Slept 2 seconds</msg>
<status status="PASS" starttime="20210202 13:30:56.486" endtime="20210202 13:30:58.491"></status>
</kw>
<kw name="Click Button" library="SeleniumLibrary">
<doc>Clicks the button identified by ``locator``.</doc>
<arguments>
<arg>//button[@type='submit']</arg>
</arguments>
<msg timestamp="20210202 13:30:58.492" level="INFO">Clicking button '//button[@type='submit']'.</msg>
<status status="PASS" starttime="20210202 13:30:58.491" endtime="20210202 13:30:59.896"></status>
</kw>
<status status="PASS" starttime="20210202 13:30:53.862" endtime="20210202 13:30:59.897"></status>
</kw>
<kw name="${row} = 10" type="foritem">
<kw name="start rading from excel" library="Resources1">
<arguments>
<arg>${sheetname}</arg>
<arg>${row}</arg>
<arg>${col}</arg>
</arguments>
<assign>
<var>${username}</var>
</assign>
<kw name="Fetch Data" library="ReadData">
<arguments>
<arg>${sheetname}</arg>
<arg>${row}</arg>
<arg>${col}</arg>
</arguments>
<assign>
<var>${cl}</var>
</assign>
<msg timestamp="20210202 13:30:59.939" level="INFO">['Sheet1', 'Sheet2', 'Sheet3']</msg>
<msg timestamp="20210202 13:30:59.939" level="INFO">${cl} = Vikas Rawat</msg>
<status status="PASS" starttime="20210202 13:30:59.900" endtime="20210202 13:30:59.939"></status>
</kw>
<msg timestamp="20210202 13:30:59.940" level="INFO">${username} = Vikas Rawat</msg>
<status status="PASS" starttime="20210202 13:30:59.898" endtime="20210202 13:30:59.940"></status>
</kw>
<kw name="start rading from excel" library="Resources1">
<arguments>
<arg>${sheetname}</arg>
<arg>${row}</arg>
<arg>2</arg>
</arguments>
<assign>
<var>${password}</var>
</assign>
<kw name="Fetch Data" library="ReadData">
<arguments>
<arg>${sheetname}</arg>
<arg>${row}</arg>
<arg>${col}</arg>
</arguments>
<assign>
<var>${cl}</var>
</assign>
<msg timestamp="20210202 13:30:59.969" level="INFO">['Sheet1', 'Sheet2', 'Sheet3']</msg>
<msg timestamp="20210202 13:30:59.969" level="INFO">${cl} = Vikas Gurjar</msg>
<status status="PASS" starttime="20210202 13:30:59.941" endtime="20210202 13:30:59.970"></status>
</kw>
<msg timestamp="20210202 13:30:59.970" level="INFO">${password} = Vikas Gurjar</msg>
<status status="PASS" starttime="20210202 13:30:59.940" endtime="20210202 13:30:59.970"></status>
</kw>
<kw name="Input Text" library="SeleniumLibrary">
<doc>Types the given ``text`` into the text field identified by ``locator``.</doc>
<arguments>
<arg>name:username</arg>
<arg>${username}</arg>
</arguments>
<msg timestamp="20210202 13:30:59.971" level="INFO">Typing text 'Vikas Rawat' into text field 'name:username'.</msg>
<status status="PASS" starttime="20210202 13:30:59.971" endtime="20210202 13:31:00.298"></status>
</kw>
<kw name="Sleep" library="BuiltIn">
<doc>Pauses the test executed for the given time.</doc>
<arguments>
<arg>2 seconds</arg>
</arguments>
<msg timestamp="20210202 13:31:02.299" level="INFO">Slept 2 seconds</msg>
<status status="PASS" starttime="20210202 13:31:00.298" endtime="20210202 13:31:02.300"></status>
</kw>
<kw name="Input Text" library="SeleniumLibrary">
<doc>Types the given ``text`` into the text field identified by ``locator``.</doc>
<arguments>
<arg>name:password</arg>
<arg>${password}</arg>
</arguments>
<msg timestamp="20210202 13:31:02.302" level="INFO">Typing text 'Vikas Gurjar' into text field 'name:password'.</msg>
<status status="PASS" starttime="20210202 13:31:02.301" endtime="20210202 13:31:02.568"></status>
</kw>
<kw name="Sleep" library="BuiltIn">
<doc>Pauses the test executed for the given time.</doc>
<arguments>
<arg>2 seconds</arg>
</arguments>
<msg timestamp="20210202 13:31:04.572" level="INFO">Slept 2 seconds</msg>
<status status="PASS" starttime="20210202 13:31:02.569" endtime="20210202 13:31:04.573"></status>
</kw>
<kw name="Click Button" library="SeleniumLibrary">
<doc>Clicks the button identified by ``locator``.</doc>
<arguments>
<arg>//button[@type='submit']</arg>
</arguments>
<msg timestamp="20210202 13:31:04.574" level="INFO">Clicking button '//button[@type='submit']'.</msg>
<status status="PASS" starttime="20210202 13:31:04.573" endtime="20210202 13:31:06.000"></status>
</kw>
<status status="PASS" starttime="20210202 13:30:59.897" endtime="20210202 13:31:06.000"></status>
</kw>
<kw name="${row} = 11" type="foritem">
<kw name="start rading from excel" library="Resources1">
<arguments>
<arg>${sheetname}</arg>
<arg>${row}</arg>
<arg>${col}</arg>
</arguments>
<assign>
<var>${username}</var>
</assign>
<kw name="Fetch Data" library="ReadData">
<arguments>
<arg>${sheetname}</arg>
<arg>${row}</arg>
<arg>${col}</arg>
</arguments>
<assign>
<var>${cl}</var>
</assign>
<msg timestamp="20210202 13:31:06.044" level="INFO">['Sheet1', 'Sheet2', 'Sheet3']</msg>
<msg timestamp="20210202 13:31:06.045" level="INFO">${cl} = Shyam Kushwaha</msg>
<status status="PASS" starttime="20210202 13:31:06.005" endtime="20210202 13:31:06.045"></status>
</kw>
<msg timestamp="20210202 13:31:06.046" level="INFO">${username} = Shyam Kushwaha</msg>
<status status="PASS" starttime="20210202 13:31:06.001" endtime="20210202 13:31:06.046"></status>
</kw>
<kw name="start rading from excel" library="Resources1">
<arguments>
<arg>${sheetname}</arg>
<arg>${row}</arg>
<arg>2</arg>
</arguments>
<assign>
<var>${password}</var>
</assign>
<kw name="Fetch Data" library="ReadData">
<arguments>
<arg>${sheetname}</arg>
<arg>${row}</arg>
<arg>${col}</arg>
</arguments>
<assign>
<var>${cl}</var>
</assign>
<msg timestamp="20210202 13:31:06.081" level="INFO">['Sheet1', 'Sheet2', 'Sheet3']</msg>
<msg timestamp="20210202 13:31:06.082" level="INFO">${cl} = Vikas Gurjar</msg>
<status status="PASS" starttime="20210202 13:31:06.048" endtime="20210202 13:31:06.082"></status>
</kw>
<msg timestamp="20210202 13:31:06.085" level="INFO">${password} = Vikas Gurjar</msg>
<status status="PASS" starttime="20210202 13:31:06.047" endtime="20210202 13:31:06.085"></status>
</kw>
<kw name="Input Text" library="SeleniumLibrary">
<doc>Types the given ``text`` into the text field identified by ``locator``.</doc>
<arguments>
<arg>name:username</arg>
<arg>${username}</arg>
</arguments>
<msg timestamp="20210202 13:31:06.086" level="INFO">Typing text 'Shyam Kushwaha' into text field 'name:username'.</msg>
<status status="PASS" starttime="20210202 13:31:06.085" endtime="20210202 13:31:06.493"></status>
</kw>
<kw name="Sleep" library="BuiltIn">
<doc>Pauses the test executed for the given time.</doc>
<arguments>
<arg>2 seconds</arg>
</arguments>
<msg timestamp="20210202 13:31:08.509" level="INFO">Slept 2 seconds</msg>
<status status="PASS" starttime="20210202 13:31:06.494" endtime="20210202 13:31:08.509"></status>
</kw>
<kw name="Input Text" library="SeleniumLibrary">
<doc>Types the given ``text`` into the text field identified by ``locator``.</doc>
<arguments>
<arg>name:password</arg>
<arg>${password}</arg>
</arguments>
<msg timestamp="20210202 13:31:08.510" level="INFO">Typing text 'Vikas Gurjar' into text field 'name:password'.</msg>
<status status="PASS" starttime="20210202 13:31:08.509" endtime="20210202 13:31:08.778"></status>
</kw>
<kw name="Sleep" library="BuiltIn">
<doc>Pauses the test executed for the given time.</doc>
<arguments>
<arg>2 seconds</arg>
</arguments>
<msg timestamp="20210202 13:31:10.793" level="INFO">Slept 2 seconds</msg>
<status status="PASS" starttime="20210202 13:31:08.779" endtime="20210202 13:31:10.793"></status>
</kw>
<kw name="Click Button" library="SeleniumLibrary">
<doc>Clicks the button identified by ``locator``.</doc>
<arguments>
<arg>//button[@type='submit']</arg>
</arguments>
<msg timestamp="20210202 13:31:10.794" level="INFO">Clicking button '//button[@type='submit']'.</msg>
<status status="PASS" starttime="20210202 13:31:10.794" endtime="20210202 13:31:12.430"></status>
</kw>
<status status="PASS" starttime="20210202 13:31:06.001" endtime="20210202 13:31:12.430"></status>
</kw>
<kw name="${row} = 12" type="foritem">
<kw name="start rading from excel" library="Resources1">
<arguments>
<arg>${sheetname}</arg>
<arg>${row}</arg>
<arg>${col}</arg>
</arguments>
<assign>
<var>${username}</var>
</assign>
<kw name="Fetch Data" library="ReadData">
<arguments>
<arg>${sheetname}</arg>
<arg>${row}</arg>
<arg>${col}</arg>
</arguments>
<assign>
<var>${cl}</var>
</assign>
<msg timestamp="20210202 13:31:12.472" level="INFO">['Sheet1', 'Sheet2', 'Sheet3']</msg>
<msg timestamp="20210202 13:31:12.473" level="INFO">${cl} = Gaurav Sarvaria</msg>
<status status="PASS" starttime="20210202 13:31:12.433" endtime="20210202 13:31:12.473"></status>
</kw>
<msg timestamp="20210202 13:31:12.474" level="INFO">${username} = Gaurav Sarvaria</msg>
<status status="PASS" starttime="20210202 13:31:12.431" endtime="20210202 13:31:12.474"></status>
</kw>
<kw name="start rading from excel" library="Resources1">
<arguments>
<arg>${sheetname}</arg>
<arg>${row}</arg>
<arg>2</arg>
</arguments>
<assign>
<var>${password}</var>
</assign>
<kw name="Fetch Data" library="ReadData">
<arguments>
<arg>${sheetname}</arg>
<arg>${row}</arg>
<arg>${col}</arg>
</arguments>
<assign>
<var>${cl}</var>
</assign>
<msg timestamp="20210202 13:31:12.544" level="INFO">['Sheet1', 'Sheet2', 'Sheet3']</msg>
<msg timestamp="20210202 13:31:12.544" level="INFO">${cl} = Pallav Patwardhan</msg>
<status status="PASS" starttime="20210202 13:31:12.477" endtime="20210202 13:31:12.544"></status>
</kw>
<msg timestamp="20210202 13:31:12.545" level="INFO">${password} = Pallav Patwardhan</msg>
<status status="PASS" starttime="20210202 13:31:12.474" endtime="20210202 13:31:12.545"></status>
</kw>
<kw name="Input Text" library="SeleniumLibrary">
<doc>Types the given ``text`` into the text field identified by ``locator``.</doc>
<arguments>
<arg>name:username</arg>
<arg>${username}</arg>
</arguments>
<msg timestamp="20210202 13:31:12.547" level="INFO">Typing text 'Gaurav Sarvaria' into text field 'name:username'.</msg>
<status status="PASS" starttime="20210202 13:31:12.546" endtime="20210202 13:31:13.114"></status>
</kw>
<kw name="Sleep" library="BuiltIn">
<doc>Pauses the test executed for the given time.</doc>
<arguments>
<arg>2 seconds</arg>
</arguments>
<msg timestamp="20210202 13:31:15.125" level="INFO">Slept 2 seconds</msg>
<status status="PASS" starttime="20210202 13:31:13.115" endtime="20210202 13:31:15.125"></status>
</kw>
<kw name="Input Text" library="SeleniumLibrary">
<doc>Types the given ``text`` into the text field identified by ``locator``.</doc>
<arguments>
<arg>name:password</arg>
<arg>${password}</arg>
</arguments>
<msg timestamp="20210202 13:31:15.126" level="INFO">Typing text 'Pallav Patwardhan' into text field 'name:password'.</msg>
<status status="PASS" starttime="20210202 13:31:15.125" endtime="20210202 13:31:15.399"></status>
</kw>
<kw name="Sleep" library="BuiltIn">
<doc>Pauses the test executed for the given time.</doc>
<arguments>
<arg>2 seconds</arg>
</arguments>
<msg timestamp="20210202 13:31:17.400" level="INFO">Slept 2 seconds</msg>
<status status="PASS" starttime="20210202 13:31:15.399" endtime="20210202 13:31:17.400"></status>
</kw>
<kw name="Click Button" library="SeleniumLibrary">
<doc>Clicks the button identified by ``locator``.</doc>
<arguments>
<arg>//button[@type='submit']</arg>
</arguments>
<msg timestamp="20210202 13:31:17.402" level="INFO">Clicking button '//button[@type='submit']'.</msg>
<status status="PASS" starttime="20210202 13:31:17.401" endtime="20210202 13:31:19.454"></status>
</kw>
<status status="PASS" starttime="20210202 13:31:12.431" endtime="20210202 13:31:19.455"></status>
</kw>
<kw name="${row} = 13" type="foritem">
<kw name="start rading from excel" library="Resources1">
<arguments>
<arg>${sheetname}</arg>
<arg>${row}</arg>
<arg>${col}</arg>
</arguments>
<assign>
<var>${username}</var>
</assign>
<kw name="Fetch Data" library="ReadData">
<arguments>
<arg>${sheetname}</arg>
<arg>${row}</arg>
<arg>${col}</arg>
</arguments>
<assign>
<var>${cl}</var>
</assign>
<msg timestamp="20210202 13:31:19.496" level="INFO">['Sheet1', 'Sheet2', 'Sheet3']</msg>
<msg timestamp="20210202 13:31:19.497" level="INFO">${cl} = Sagar Soni</msg>
<status status="PASS" starttime="20210202 13:31:19.458" endtime="20210202 13:31:19.497"></status>
</kw>
<msg timestamp="20210202 13:31:19.497" level="INFO">${username} = Sagar Soni</msg>
<status status="PASS" starttime="20210202 13:31:19.456" endtime="20210202 13:31:19.497"></status>
</kw>
<kw name="start rading from excel" library="Resources1">
<arguments>
<arg>${sheetname}</arg>
<arg>${row}</arg>
<arg>2</arg>
</arguments>
<assign>
<var>${password}</var>
</assign>
<kw name="Fetch Data" library="ReadData">
<arguments>
<arg>${sheetname}</arg>
<arg>${row}</arg>
<arg>${col}</arg>
</arguments>
<assign>
<var>${cl}</var>
</assign>
<msg timestamp="20210202 13:31:19.534" level="INFO">['Sheet1', 'Sheet2', 'Sheet3']</msg>
<msg timestamp="20210202 13:31:19.534" level="INFO">${cl} = Pallav Patwardhan</msg>
<status status="PASS" starttime="20210202 13:31:19.501" endtime="20210202 13:31:19.534"></status>
</kw>
<msg timestamp="20210202 13:31:19.535" level="INFO">${password} = Pallav Patwardhan</msg>
<status status="PASS" starttime="20210202 13:31:19.497" endtime="20210202 13:31:19.535"></status>
</kw>
<kw name="Input Text" library="SeleniumLibrary">
<doc>Types the given ``text`` into the text field identified by ``locator``.</doc>
<arguments>
<arg>name:username</arg>
<arg>${username}</arg>
</arguments>
<msg timestamp="20210202 13:31:19.535" level="INFO">Typing text 'Sagar Soni' into text field 'name:username'.</msg>
<status status="PASS" starttime="20210202 13:31:19.535" endtime="20210202 13:31:19.775"></status>
</kw>
<kw name="Sleep" library="BuiltIn">
<doc>Pauses the test executed for the given time.</doc>
<arguments>
<arg>2 seconds</arg>
</arguments>
<msg timestamp="20210202 13:31:21.786" level="INFO">Slept 2 seconds</msg>
<status status="PASS" starttime="20210202 13:31:19.775" endtime="20210202 13:31:21.786"></status>
</kw>
<kw name="Input Text" library="SeleniumLibrary">
<doc>Types the given ``text`` into the text field identified by ``locator``.</doc>
<arguments>
<arg>name:password</arg>
<arg>${password}</arg>
</arguments>
<msg timestamp="20210202 13:31:21.787" level="INFO">Typing text 'Pallav Patwardhan' into text field 'name:password'.</msg>
<status status="PASS" starttime="20210202 13:31:21.787" endtime="20210202 13:31:22.064"></status>
</kw>
<kw name="Sleep" library="BuiltIn">
<doc>Pauses the test executed for the given time.</doc>
<arguments>
<arg>2 seconds</arg>
</arguments>
<msg timestamp="20210202 13:31:24.065" level="INFO">Slept 2 seconds</msg>
<status status="PASS" starttime="20210202 13:31:22.064" endtime="20210202 13:31:24.065"></status>
</kw>
<kw name="Click Button" library="SeleniumLibrary">
<doc>Clicks the button identified by ``locator``.</doc>
<arguments>
<arg>//button[@type='submit']</arg>
</arguments>
<msg timestamp="20210202 13:31:24.066" level="INFO">Clicking button '//button[@type='submit']'.</msg>
<status status="PASS" starttime="20210202 13:31:24.065" endtime="20210202 13:31:25.805"></status>
</kw>
<status status="PASS" starttime="20210202 13:31:19.455" endtime="20210202 13:31:25.805"></status>
</kw>
<status status="PASS" starttime="20210202 13:30:04.047" endtime="20210202 13:31:25.805"></status>
</kw>
<status status="PASS" starttime="20210202 13:29:54.346" endtime="20210202 13:31:25.807" critical="yes"></status>
</test>
<status status="PASS" starttime="20210202 13:29:52.849" endtime="20210202 13:31:25.811"></status>
</suite>
<statistics>
<total>
<stat pass="1" fail="0">Critical Tests</stat>
<stat pass="1" fail="0">All Tests</stat>
</total>
<tag>
</tag>
<suite>
<stat pass="1" fail="0" id="s1" name="Tc 009">Tc 009</stat>
</suite>
</statistics>
<errors>
</errors>
</robot>
